<?xml version="1.0" encoding="utf-8"?>
<test-run id="2" testcasecount="97" result="Passed" total="97" passed="97" failed="0" inconclusive="0" skipped="0" asserts="0" engine-version="3.5.0.0" clr-version="4.0.30319.42000" start-time="2026-04-08 17:58:48Z" end-time="2026-04-08 17:58:50Z" duration="1.6195286">
  <test-suite type="TestSuite" id="1000" name="FlockingSimulatorPro" fullname="FlockingSimulatorPro" runstate="Runnable" testcasecount="97" result="Passed" start-time="2026-04-08 17:58:48Z" end-time="2026-04-08 17:58:50Z" duration="1.619529" total="97" passed="97" failed="0" inconclusive="0" skipped="0" asserts="0">
    <properties />
    <test-suite type="Assembly" id="1113" name="UnitTests.dll" fullname="/github/workspace/src/Library/ScriptAssemblies/UnitTests.dll" runstate="Runnable" testcasecount="97" result="Passed" start-time="2026-04-08 17:58:48Z" end-time="2026-04-08 17:58:50Z" duration="1.610353" total="97" passed="97" failed="0" inconclusive="0" skipped="0" asserts="0">
      <properties>
        <property name="_PID" value="1255" />
        <property name="_APPDOMAIN" value="Unity Child Domain" />
        <property name="platform" value="PlayMode" />
      </properties>
      <test-suite type="TestFixture" id="1076" name="AnimationSimulatorTests" fullname="AnimationSimulatorTests" classname="AnimationSimulatorTests" runstate="Runnable" testcasecount="5" result="Passed" start-time="2026-04-08 17:58:48Z" end-time="2026-04-08 17:58:48Z" duration="0.130079" total="5" passed="5" failed="0" inconclusive="0" skipped="0" asserts="0">
        <properties />
        <test-case id="1081" name="DrawObstacles_ShouldCreateGameObjects" fullname="AnimationSimulatorTests.DrawObstacles_ShouldCreateGameObjects" methodname="DrawObstacles_ShouldCreateGameObjects" classname="AnimationSimulatorTests" runstate="Runnable" seed="67745675" result="Passed" start-time="2026-04-08 17:58:48Z" end-time="2026-04-08 17:58:48Z" duration="0.047646" asserts="0">
          <properties />
          <output><![CDATA[Draw obstacles
]]></output>
        </test-case>
        <test-case id="1079" name="PlaySimulation_MultipleAnimations_EnableLabels" fullname="AnimationSimulatorTests.PlaySimulation_MultipleAnimations_EnableLabels" methodname="PlaySimulation_MultipleAnimations_EnableLabels" classname="AnimationSimulatorTests" runstate="Runnable" seed="391791522" result="Passed" start-time="2026-04-08 17:58:48Z" end-time="2026-04-08 17:58:48Z" duration="0.026458" asserts="0">
          <properties />
          <output><![CDATA[Draw obstacles
]]></output>
        </test-case>
        <test-case id="1077" name="PlaySimulation_SingleAnimation_StartsCorrectly" fullname="AnimationSimulatorTests.PlaySimulation_SingleAnimation_StartsCorrectly" methodname="PlaySimulation_SingleAnimation_StartsCorrectly" classname="AnimationSimulatorTests" runstate="Runnable" seed="287916475" result="Passed" start-time="2026-04-08 17:58:48Z" end-time="2026-04-08 17:58:48Z" duration="0.018504" asserts="0">
          <properties>
            <property name="_JOINTYPE" value="UnityCombinatorial" />
          </properties>
          <output><![CDATA[Draw obstacles
]]></output>
        </test-case>
        <test-case id="1078" name="PlaySimulation_WhenAlreadyPlaying_ShouldNotStart" fullname="AnimationSimulatorTests.PlaySimulation_WhenAlreadyPlaying_ShouldNotStart" methodname="PlaySimulation_WhenAlreadyPlaying_ShouldNotStart" classname="AnimationSimulatorTests" runstate="Runnable" seed="1504954420" result="Passed" start-time="2026-04-08 17:58:48Z" end-time="2026-04-08 17:58:48Z" duration="0.011566" asserts="0">
          <properties />
          <reason>
            <message><![CDATA[]]></message>
          </reason>
          <output><![CDATA[Draw obstacles
Can't play animation when other one is playing.
]]></output>
        </test-case>
        <test-case id="1080" name="Simulation_EmptyAgents_ShouldExitEarly" fullname="AnimationSimulatorTests.Simulation_EmptyAgents_ShouldExitEarly" methodname="Simulation_EmptyAgents_ShouldExitEarly" classname="AnimationSimulatorTests" runstate="Runnable" seed="457557153" result="Passed" start-time="2026-04-08 17:58:48Z" end-time="2026-04-08 17:58:48Z" duration="0.007786" asserts="0">
          <properties>
            <property name="_JOINTYPE" value="UnityCombinatorial" />
          </properties>
          <output><![CDATA[Draw obstacles
]]></output>
        </test-case>
      </test-suite>
      <test-suite type="TestFixture" id="1082" name="CameraManagerTests" fullname="CameraManagerTests" classname="CameraManagerTests" runstate="Runnable" testcasecount="5" result="Passed" start-time="2026-04-08 17:58:48Z" end-time="2026-04-08 17:58:48Z" duration="0.069217" total="5" passed="5" failed="0" inconclusive="0" skipped="0" asserts="0">
        <properties />
        <test-case id="1084" name="DestroyAgents_Should_Clear_Array" fullname="CameraManagerTests.DestroyAgents_Should_Clear_Array" methodname="DestroyAgents_Should_Clear_Array" classname="CameraManagerTests" runstate="Runnable" seed="86150980" result="Passed" start-time="2026-04-08 17:58:48Z" end-time="2026-04-08 17:58:48Z" duration="0.007698" asserts="0">
          <properties />
        </test-case>
        <test-case id="1083" name="GetAgents_Should_Filter_By_Prefix" fullname="CameraManagerTests.GetAgents_Should_Filter_By_Prefix" methodname="GetAgents_Should_Filter_By_Prefix" classname="CameraManagerTests" runstate="Runnable" seed="454006494" result="Passed" start-time="2026-04-08 17:58:48Z" end-time="2026-04-08 17:58:48Z" duration="0.010076" asserts="0">
          <properties />
        </test-case>
        <test-case id="1087" name="UpdateCameraCenter_NoAgents_Should_Not_Crash" fullname="CameraManagerTests.UpdateCameraCenter_NoAgents_Should_Not_Crash" methodname="UpdateCameraCenter_NoAgents_Should_Not_Crash" classname="CameraManagerTests" runstate="Runnable" seed="1234953748" result="Passed" start-time="2026-04-08 17:58:48Z" end-time="2026-04-08 17:58:48Z" duration="0.006682" asserts="0">
          <properties />
        </test-case>
        <test-case id="1086" name="UpdateCameraCenter_Should_Change_Zoom" fullname="CameraManagerTests.UpdateCameraCenter_Should_Change_Zoom" methodname="UpdateCameraCenter_Should_Change_Zoom" classname="CameraManagerTests" runstate="Runnable" seed="1632679419" result="Passed" start-time="2026-04-08 17:58:48Z" end-time="2026-04-08 17:58:48Z" duration="0.033139" asserts="0">
          <properties>
            <property name="_JOINTYPE" value="UnityCombinatorial" />
          </properties>
        </test-case>
        <test-case id="1085" name="UpdateCameraCenter_Should_Move_Camera" fullname="CameraManagerTests.UpdateCameraCenter_Should_Move_Camera" methodname="UpdateCameraCenter_Should_Move_Camera" classname="CameraManagerTests" runstate="Runnable" seed="852165796" result="Passed" start-time="2026-04-08 17:58:48Z" end-time="2026-04-08 17:58:48Z" duration="0.009698" asserts="0">
          <properties>
            <property name="_JOINTYPE" value="UnityCombinatorial" />
          </properties>
        </test-case>
      </test-suite>
      <test-suite type="TestFixture" id="1088" name="ChartDrawerTests" fullname="ChartDrawerTests" classname="ChartDrawerTests" runstate="Runnable" testcasecount="4" result="Passed" start-time="2026-04-08 17:58:48Z" end-time="2026-04-08 17:58:49Z" duration="0.218208" total="4" passed="4" failed="0" inconclusive="0" skipped="0" asserts="0">
        <properties />
        <test-case id="1092" name="DrawChart_MultipleInputs_Should_Work" fullname="ChartDrawerTests.DrawChart_MultipleInputs_Should_Work" methodname="DrawChart_MultipleInputs_Should_Work" classname="ChartDrawerTests" runstate="Runnable" seed="509113184" result="Passed" start-time="2026-04-08 17:58:48Z" end-time="2026-04-08 17:58:49Z" duration="0.127859" asserts="0">
          <properties />
          <output><![CDATA[Charts drawn.
]]></output>
        </test-case>
        <test-case id="1091" name="DrawChart_Should_Add_Series" fullname="ChartDrawerTests.DrawChart_Should_Add_Series" methodname="DrawChart_Should_Add_Series" classname="ChartDrawerTests" runstate="Runnable" seed="1172750432" result="Passed" start-time="2026-04-08 17:58:49Z" end-time="2026-04-08 17:58:49Z" duration="0.029313" asserts="0">
          <properties />
          <output><![CDATA[Charts drawn.
]]></output>
        </test-case>
        <test-case id="1090" name="DrawChart_Should_Not_Throw" fullname="ChartDrawerTests.DrawChart_Should_Not_Throw" methodname="DrawChart_Should_Not_Throw" classname="ChartDrawerTests" runstate="Runnable" seed="1301692452" result="Passed" start-time="2026-04-08 17:58:49Z" end-time="2026-04-08 17:58:49Z" duration="0.029037" asserts="0">
          <properties />
          <output><![CDATA[Charts drawn.
]]></output>
        </test-case>
        <test-case id="1089" name="Start_Should_Initialize_Charts" fullname="ChartDrawerTests.Start_Should_Initialize_Charts" methodname="Start_Should_Initialize_Charts" classname="ChartDrawerTests" runstate="Runnable" seed="1521778374" result="Passed" start-time="2026-04-08 17:58:49Z" end-time="2026-04-08 17:58:49Z" duration="0.030367" asserts="0">
          <properties />
        </test-case>
      </test-suite>
      <test-suite type="TestFixture" id="1093" name="ChartsControllerTests" fullname="ChartsControllerTests" classname="ChartsControllerTests" runstate="Runnable" testcasecount="8" result="Passed" start-time="2026-04-08 17:58:49Z" end-time="2026-04-08 17:58:49Z" duration="0.336415" total="8" passed="8" failed="0" inconclusive="0" skipped="0" asserts="0">
        <properties />
        <test-case id="1098" name="OnAlignClick_Should_Set_Index_1_Mode" fullname="ChartsControllerTests.OnAlignClick_Should_Set_Index_1_Mode" methodname="OnAlignClick_Should_Set_Index_1_Mode" classname="ChartsControllerTests" runstate="Runnable" seed="1671609108" result="Passed" start-time="2026-04-08 17:58:49Z" end-time="2026-04-08 17:58:49Z" duration="0.007328" asserts="0">
          <properties />
        </test-case>
        <test-case id="1096" name="OnBackButton_Should_Switch_Back" fullname="ChartsControllerTests.OnBackButton_Should_Switch_Back" methodname="OnBackButton_Should_Switch_Back" classname="ChartsControllerTests" runstate="Runnable" seed="806888242" result="Passed" start-time="2026-04-08 17:58:49Z" end-time="2026-04-08 17:58:49Z" duration="0.005974" asserts="0">
          <properties />
        </test-case>
        <test-case id="1099" name="OnCoheClick_Should_Set_Index_2_Mode" fullname="ChartsControllerTests.OnCoheClick_Should_Set_Index_2_Mode" methodname="OnCoheClick_Should_Set_Index_2_Mode" classname="ChartsControllerTests" runstate="Runnable" seed="1002092741" result="Passed" start-time="2026-04-08 17:58:49Z" end-time="2026-04-08 17:58:49Z" duration="0.005883" asserts="0">
          <properties />
        </test-case>
        <test-case id="1100" name="OnDiffClick_Should_Switch_To_Diff_Mode" fullname="ChartsControllerTests.OnDiffClick_Should_Switch_To_Diff_Mode" methodname="OnDiffClick_Should_Switch_To_Diff_Mode" classname="ChartsControllerTests" runstate="Runnable" seed="1374270282" result="Passed" start-time="2026-04-08 17:58:49Z" end-time="2026-04-08 17:58:49Z" duration="0.005990" asserts="0">
          <properties />
        </test-case>
        <test-case id="1095" name="OnDrawButton_Should_Switch_UI" fullname="ChartsControllerTests.OnDrawButton_Should_Switch_UI" methodname="OnDrawButton_Should_Switch_UI" classname="ChartsControllerTests" runstate="Runnable" seed="531435219" result="Passed" start-time="2026-04-08 17:58:49Z" end-time="2026-04-08 17:58:49Z" duration="0.005887" asserts="0">
          <properties />
        </test-case>
        <test-case id="1101" name="OnOverviewClick_Should_Switch_Back" fullname="ChartsControllerTests.OnOverviewClick_Should_Switch_Back" methodname="OnOverviewClick_Should_Switch_Back" classname="ChartsControllerTests" runstate="Runnable" seed="1130950089" result="Passed" start-time="2026-04-08 17:58:49Z" end-time="2026-04-08 17:58:49Z" duration="0.005938" asserts="0">
          <properties />
        </test-case>
        <test-case id="1097" name="OnSpeedClick_Should_Set_Index_0" fullname="ChartsControllerTests.OnSpeedClick_Should_Set_Index_0" methodname="OnSpeedClick_Should_Set_Index_0" classname="ChartsControllerTests" runstate="Runnable" seed="391230963" result="Passed" start-time="2026-04-08 17:58:49Z" end-time="2026-04-08 17:58:49Z" duration="0.005854" asserts="0">
          <properties />
        </test-case>
        <test-case id="1094" name="Start_Should_Set_UI_State" fullname="ChartsControllerTests.Start_Should_Set_UI_State" methodname="Start_Should_Set_UI_State" classname="ChartsControllerTests" runstate="Runnable" seed="1296998584" result="Passed" start-time="2026-04-08 17:58:49Z" end-time="2026-04-08 17:58:49Z" duration="0.005885" asserts="0">
          <properties />
        </test-case>
      </test-suite>
      <test-suite type="TestFixture" id="1004" name="DynamicsTests" fullname="DynamicsTests" classname="DynamicsTests" runstate="Runnable" testcasecount="8" result="Passed" start-time="2026-04-08 17:58:49Z" end-time="2026-04-08 17:58:49Z" duration="0.192110" total="8" passed="8" failed="0" inconclusive="0" skipped="0" asserts="0">
        <properties />
        <test-case id="1012" name="FlockSimulation_Should_Append_Positions" fullname="DynamicsTests.FlockSimulation_Should_Append_Positions" methodname="FlockSimulation_Should_Append_Positions" classname="DynamicsTests" runstate="Runnable" seed="716466712" result="Passed" start-time="2026-04-08 17:58:49Z" end-time="2026-04-08 17:58:49Z" duration="0.015046" asserts="0">
          <properties />
          <output><![CDATA[Arrive at goal point.
Simulation stops. Spend time: 60.09966
]]></output>
        </test-case>
        <test-case id="1007" name="FlockSimulation_Should_Generate_Metrics" fullname="DynamicsTests.FlockSimulation_Should_Generate_Metrics" methodname="FlockSimulation_Should_Generate_Metrics" classname="DynamicsTests" runstate="Runnable" seed="1439199799" result="Passed" start-time="2026-04-08 17:58:49Z" end-time="2026-04-08 17:58:49Z" duration="0.009721" asserts="0">
          <properties />
          <output><![CDATA[Arrive at goal point.
Simulation stops. Spend time: 60.09966
]]></output>
        </test-case>
        <test-case id="1011" name="FlockSimulation_Should_Handle_Invalid_Method" fullname="DynamicsTests.FlockSimulation_Should_Handle_Invalid_Method" methodname="FlockSimulation_Should_Handle_Invalid_Method" classname="DynamicsTests" runstate="Runnable" seed="1016440249" result="Passed" start-time="2026-04-08 17:58:49Z" end-time="2026-04-08 17:58:49Z" duration="0.010760" asserts="0">
          <properties />
          <output><![CDATA[Wrong method: INVALID_METHOD
]]></output>
        </test-case>
        <test-case id="1006" name="FlockSimulation_Should_Initialize_Animation" fullname="DynamicsTests.FlockSimulation_Should_Initialize_Animation" methodname="FlockSimulation_Should_Initialize_Animation" classname="DynamicsTests" runstate="Runnable" seed="1508016368" result="Passed" start-time="2026-04-08 17:58:49Z" end-time="2026-04-08 17:58:49Z" duration="0.009792" asserts="0">
          <properties />
          <output><![CDATA[Arrive at goal point.
Simulation stops. Spend time: 60.09966
]]></output>
        </test-case>
        <test-case id="1005" name="FlockSimulation_Should_Return_Result" fullname="DynamicsTests.FlockSimulation_Should_Return_Result" methodname="FlockSimulation_Should_Return_Result" classname="DynamicsTests" runstate="Runnable" seed="185389346" result="Passed" start-time="2026-04-08 17:58:49Z" end-time="2026-04-08 17:58:49Z" duration="0.009746" asserts="0">
          <properties />
          <output><![CDATA[Arrive at goal point.
Simulation stops. Spend time: 60.09966
]]></output>
        </test-case>
        <test-case id="1008" name="FlockSimulation_Should_Run_EEuler" fullname="DynamicsTests.FlockSimulation_Should_Run_EEuler" methodname="FlockSimulation_Should_Run_EEuler" classname="DynamicsTests" runstate="Runnable" seed="121971451" result="Passed" start-time="2026-04-08 17:58:49Z" end-time="2026-04-08 17:58:49Z" duration="0.009706" asserts="0">
          <properties />
          <output><![CDATA[Arrive at goal point.
Simulation stops. Spend time: 60.09966
]]></output>
        </test-case>
        <test-case id="1010" name="FlockSimulation_Should_Run_ISEULER" fullname="DynamicsTests.FlockSimulation_Should_Run_ISEULER" methodname="FlockSimulation_Should_Run_ISEULER" classname="DynamicsTests" runstate="Runnable" seed="1997226238" result="Passed" start-time="2026-04-08 17:58:49Z" end-time="2026-04-08 17:58:49Z" duration="0.009923" asserts="0">
          <properties />
          <output><![CDATA[Arrive at goal point.
Simulation stops. Spend time: 59.99966
]]></output>
        </test-case>
        <test-case id="1009" name="FlockSimulation_Should_Run_RK4" fullname="DynamicsTests.FlockSimulation_Should_Run_RK4" methodname="FlockSimulation_Should_Run_RK4" classname="DynamicsTests" runstate="Runnable" seed="192779894" result="Passed" start-time="2026-04-08 17:58:49Z" end-time="2026-04-08 17:58:49Z" duration="0.017661" asserts="0">
          <properties />
          <output><![CDATA[Arrive at goal point.
Simulation stops. Spend time: 60.09966
]]></output>
        </test-case>
      </test-suite>
      <test-suite type="TestFixture" id="1001" name="ExamplePlayModeTest" fullname="ExamplePlayModeTest" classname="ExamplePlayModeTest" runstate="Runnable" testcasecount="2" result="Passed" start-time="2026-04-08 17:58:49Z" end-time="2026-04-08 17:58:49Z" duration="0.064443" total="2" passed="2" failed="0" inconclusive="0" skipped="0" asserts="0">
        <properties />
        <test-case id="1002" name="ExamplePlayModeTest1SimplePasses" fullname="ExamplePlayModeTest.ExamplePlayModeTest1SimplePasses" methodname="ExamplePlayModeTest1SimplePasses" classname="ExamplePlayModeTest" runstate="Runnable" seed="1411750621" result="Passed" start-time="2026-04-08 17:58:49Z" end-time="2026-04-08 17:58:49Z" duration="0.005689" asserts="0">
          <properties />
        </test-case>
        <test-case id="1003" name="ExamplePlayModeTest1WithEnumeratorPasses" fullname="ExamplePlayModeTest.ExamplePlayModeTest1WithEnumeratorPasses" methodname="ExamplePlayModeTest1WithEnumeratorPasses" classname="ExamplePlayModeTest" runstate="Runnable" seed="2080386627" result="Passed" start-time="2026-04-08 17:58:49Z" end-time="2026-04-08 17:58:49Z" duration="0.029991" asserts="0">
          <properties>
            <property name="_JOINTYPE" value="UnityCombinatorial" />
          </properties>
        </test-case>
      </test-suite>
      <test-suite type="TestFixture" id="1038" name="FilesIOTests" fullname="FilesIOTests" classname="FilesIOTests" runstate="Runnable" testcasecount="4" result="Passed" start-time="2026-04-08 17:58:49Z" end-time="2026-04-08 17:58:49Z" duration="0.038466" total="4" passed="4" failed="0" inconclusive="0" skipped="0" asserts="0">
        <properties />
        <test-case id="1041" name="Read_Should_Return_Data" fullname="FilesIOTests.Read_Should_Return_Data" methodname="Read_Should_Return_Data" classname="FilesIOTests" runstate="Runnable" seed="1667393115" result="Passed" start-time="2026-04-08 17:58:49Z" end-time="2026-04-08 17:58:49Z" duration="0.009468" asserts="0">
          <properties />
          <output><![CDATA[Saved data to: /root/.config/unity3d/DefaultCompany/FlockingSimulatorPro/test_file.json
]]></output>
        </test-case>
        <test-case id="1042" name="Read_Should_Throw_When_File_Not_Found" fullname="FilesIOTests.Read_Should_Throw_When_File_Not_Found" methodname="Read_Should_Throw_When_File_Not_Found" classname="FilesIOTests" runstate="Runnable" seed="402684076" result="Passed" start-time="2026-04-08 17:58:49Z" end-time="2026-04-08 17:58:49Z" duration="0.007092" asserts="0">
          <properties />
          <output><![CDATA[JSON file not found: /root/.config/unity3d/DefaultCompany/FlockingSimulatorPro/test_file.json
]]></output>
        </test-case>
        <test-case id="1040" name="Write_Should_Contain_Correct_JSON" fullname="FilesIOTests.Write_Should_Contain_Correct_JSON" methodname="Write_Should_Contain_Correct_JSON" classname="FilesIOTests" runstate="Runnable" seed="1498557419" result="Passed" start-time="2026-04-08 17:58:49Z" end-time="2026-04-08 17:58:49Z" duration="0.006557" asserts="0">
          <properties />
          <output><![CDATA[Saved data to: /root/.config/unity3d/DefaultCompany/FlockingSimulatorPro/test_file.json
]]></output>
        </test-case>
        <test-case id="1039" name="Write_Should_Create_File" fullname="FilesIOTests.Write_Should_Create_File" methodname="Write_Should_Create_File" classname="FilesIOTests" runstate="Runnable" seed="1434777516" result="Passed" start-time="2026-04-08 17:58:49Z" end-time="2026-04-08 17:58:49Z" duration="0.006501" asserts="0">
          <properties />
          <output><![CDATA[Saved data to: /root/.config/unity3d/DefaultCompany/FlockingSimulatorPro/test_file.json
]]></output>
        </test-case>
      </test-suite>
      <test-suite type="TestFixture" id="1013" name="FlockingMetricsTests" fullname="FlockingMetricsTests" classname="FlockingMetricsTests" runstate="Runnable" testcasecount="7" result="Passed" start-time="2026-04-08 17:58:49Z" end-time="2026-04-08 17:58:49Z" duration="0.049927" total="7" passed="7" failed="0" inconclusive="0" skipped="0" asserts="0">
        <properties />
        <test-case id="1016" name="CalAlignMetric_OppositeDirection_Should_Be_0" fullname="FlockingMetricsTests.CalAlignMetric_OppositeDirection_Should_Be_0" methodname="CalAlignMetric_OppositeDirection_Should_Be_0" classname="FlockingMetricsTests" runstate="Runnable" seed="1888487342" result="Passed" start-time="2026-04-08 17:58:49Z" end-time="2026-04-08 17:58:49Z" duration="0.006589" asserts="0">
          <properties />
        </test-case>
        <test-case id="1015" name="CalAlignMetric_SameDirection_Should_Be_1" fullname="FlockingMetricsTests.CalAlignMetric_SameDirection_Should_Be_1" methodname="CalAlignMetric_SameDirection_Should_Be_1" classname="FlockingMetricsTests" runstate="Runnable" seed="1170035902" result="Passed" start-time="2026-04-08 17:58:49Z" end-time="2026-04-08 17:58:49Z" duration="0.005686" asserts="0">
          <properties />
        </test-case>
        <test-case id="1017" name="CalCenter_Should_Return_Correct_Center" fullname="FlockingMetricsTests.CalCenter_Should_Return_Correct_Center" methodname="CalCenter_Should_Return_Correct_Center" classname="FlockingMetricsTests" runstate="Runnable" seed="2121925383" result="Passed" start-time="2026-04-08 17:58:49Z" end-time="2026-04-08 17:58:49Z" duration="0.005724" asserts="0">
          <properties />
        </test-case>
        <test-case id="1018" name="CalCohesion_Should_Calculate_Average_Distance" fullname="FlockingMetricsTests.CalCohesion_Should_Calculate_Average_Distance" methodname="CalCohesion_Should_Calculate_Average_Distance" classname="FlockingMetricsTests" runstate="Runnable" seed="479150999" result="Passed" start-time="2026-04-08 17:58:49Z" end-time="2026-04-08 17:58:49Z" duration="0.005624" asserts="0">
          <properties />
        </test-case>
        <test-case id="1019" name="CalCohesion_WithCenter_Should_Match" fullname="FlockingMetricsTests.CalCohesion_WithCenter_Should_Match" methodname="CalCohesion_WithCenter_Should_Match" classname="FlockingMetricsTests" runstate="Runnable" seed="1248339363" result="Passed" start-time="2026-04-08 17:58:49Z" end-time="2026-04-08 17:58:49Z" duration="0.005625" asserts="0">
          <properties />
        </test-case>
        <test-case id="1014" name="CalMeanSpeed_Should_Return_Correct_Average" fullname="FlockingMetricsTests.CalMeanSpeed_Should_Return_Correct_Average" methodname="CalMeanSpeed_Should_Return_Correct_Average" classname="FlockingMetricsTests" runstate="Runnable" seed="748465804" result="Passed" start-time="2026-04-08 17:58:49Z" end-time="2026-04-08 17:58:49Z" duration="0.005662" asserts="0">
          <properties />
        </test-case>
        <test-case id="1020" name="CalMeanSpeed_SingleElement" fullname="FlockingMetricsTests.CalMeanSpeed_SingleElement" methodname="CalMeanSpeed_SingleElement" classname="FlockingMetricsTests" runstate="Runnable" seed="940845966" result="Passed" start-time="2026-04-08 17:58:49Z" end-time="2026-04-08 17:58:49Z" duration="0.005727" asserts="0">
          <properties />
        </test-case>
      </test-suite>
      <test-suite type="TestFixture" id="1021" name="ForceTests" fullname="ForceTests" classname="ForceTests" runstate="Runnable" testcasecount="11" result="Passed" start-time="2026-04-08 17:58:49Z" end-time="2026-04-08 17:58:49Z" duration="0.074588" total="11" passed="11" failed="0" inconclusive="0" skipped="0" asserts="0">
        <properties />
        <test-case id="1022" name="CalAlignForce_Should_Point_To_Other_Velocity" fullname="ForceTests.CalAlignForce_Should_Point_To_Other_Velocity" methodname="CalAlignForce_Should_Point_To_Other_Velocity" classname="ForceTests" runstate="Runnable" seed="1305820457" result="Passed" start-time="2026-04-08 17:58:49Z" end-time="2026-04-08 17:58:49Z" duration="0.007387" asserts="0">
          <properties />
        </test-case>
        <test-case id="1023" name="CalAlignForce_Single_Should_Be_Zero" fullname="ForceTests.CalAlignForce_Single_Should_Be_Zero" methodname="CalAlignForce_Single_Should_Be_Zero" classname="ForceTests" runstate="Runnable" seed="1604263931" result="Passed" start-time="2026-04-08 17:58:49Z" end-time="2026-04-08 17:58:49Z" duration="0.005757" asserts="0">
          <properties />
        </test-case>
        <test-case id="1024" name="CalCohesionForce_Should_Point_To_Center" fullname="ForceTests.CalCohesionForce_Should_Point_To_Center" methodname="CalCohesionForce_Should_Point_To_Center" classname="ForceTests" runstate="Runnable" seed="423706410" result="Passed" start-time="2026-04-08 17:58:49Z" end-time="2026-04-08 17:58:49Z" duration="0.005716" asserts="0">
          <properties />
        </test-case>
        <test-case id="1025" name="CalCohesionForce_Single_Should_Be_Zero" fullname="ForceTests.CalCohesionForce_Single_Should_Be_Zero" methodname="CalCohesionForce_Single_Should_Be_Zero" classname="ForceTests" runstate="Runnable" seed="2113150349" result="Passed" start-time="2026-04-08 17:58:49Z" end-time="2026-04-08 17:58:49Z" duration="0.005662" asserts="0">
          <properties />
        </test-case>
        <test-case id="1032" name="CalForce_Should_Return_Combined_Force" fullname="ForceTests.CalForce_Should_Return_Combined_Force" methodname="CalForce_Should_Return_Combined_Force" classname="ForceTests" runstate="Runnable" seed="420830601" result="Passed" start-time="2026-04-08 17:58:49Z" end-time="2026-04-08 17:58:49Z" duration="0.005794" asserts="0">
          <properties />
        </test-case>
        <test-case id="1030" name="CalGoalSeekingForce_Should_Point_To_Goal" fullname="ForceTests.CalGoalSeekingForce_Should_Point_To_Goal" methodname="CalGoalSeekingForce_Should_Point_To_Goal" classname="ForceTests" runstate="Runnable" seed="1594840849" result="Passed" start-time="2026-04-08 17:58:49Z" end-time="2026-04-08 17:58:49Z" duration="0.005659" asserts="0">
          <properties />
        </test-case>
        <test-case id="1031" name="CalGoalSeekingForce_WithVelocity_Should_Adjust" fullname="ForceTests.CalGoalSeekingForce_WithVelocity_Should_Adjust" methodname="CalGoalSeekingForce_WithVelocity_Should_Adjust" classname="ForceTests" runstate="Runnable" seed="1150996333" result="Passed" start-time="2026-04-08 17:58:49Z" end-time="2026-04-08 17:58:49Z" duration="0.005864" asserts="0">
          <properties />
        </test-case>
        <test-case id="1029" name="CalObsAvoidForce_NoObstacle_Should_Be_Zero" fullname="ForceTests.CalObsAvoidForce_NoObstacle_Should_Be_Zero" methodname="CalObsAvoidForce_NoObstacle_Should_Be_Zero" classname="ForceTests" runstate="Runnable" seed="257279276" result="Passed" start-time="2026-04-08 17:58:49Z" end-time="2026-04-08 17:58:49Z" duration="0.005628" asserts="0">
          <properties />
        </test-case>
        <test-case id="1028" name="CalObsAvoidForce_Should_Repel_From_Obstacle" fullname="ForceTests.CalObsAvoidForce_Should_Repel_From_Obstacle" methodname="CalObsAvoidForce_Should_Repel_From_Obstacle" classname="ForceTests" runstate="Runnable" seed="1667434530" result="Passed" start-time="2026-04-08 17:58:49Z" end-time="2026-04-08 17:58:49Z" duration="0.005688" asserts="0">
          <properties />
        </test-case>
        <test-case id="1026" name="CalSeparationForce_Should_Repel" fullname="ForceTests.CalSeparationForce_Should_Repel" methodname="CalSeparationForce_Should_Repel" classname="ForceTests" runstate="Runnable" seed="1390042465" result="Passed" start-time="2026-04-08 17:58:49Z" end-time="2026-04-08 17:58:49Z" duration="0.005637" asserts="0">
          <properties />
        </test-case>
        <test-case id="1027" name="CalSeparationForce_Single_Should_Be_Zero" fullname="ForceTests.CalSeparationForce_Single_Should_Be_Zero" methodname="CalSeparationForce_Single_Should_Be_Zero" classname="ForceTests" runstate="Runnable" seed="10841696" result="Passed" start-time="2026-04-08 17:58:49Z" end-time="2026-04-08 17:58:49Z" duration="0.005663" asserts="0">
          <properties />
        </test-case>
      </test-suite>
      <test-suite type="TestFixture" id="1102" name="InitObsPreviewTests" fullname="InitObsPreviewTests" classname="InitObsPreviewTests" runstate="Runnable" testcasecount="5" result="Passed" start-time="2026-04-08 17:58:49Z" end-time="2026-04-08 17:58:49Z" duration="0.094784" total="5" passed="5" failed="0" inconclusive="0" skipped="0" asserts="0">
        <properties />
        <test-case id="1107" name="OnPreviewClick_EmptyInput_Should_Not_Crash" fullname="InitObsPreviewTests.OnPreviewClick_EmptyInput_Should_Not_Crash" methodname="OnPreviewClick_EmptyInput_Should_Not_Crash" classname="InitObsPreviewTests" runstate="Runnable" seed="1730253237" result="Passed" start-time="2026-04-08 17:58:49Z" end-time="2026-04-08 17:58:49Z" duration="0.043789" asserts="0">
          <properties>
            <property name="_JOINTYPE" value="UnityCombinatorial" />
          </properties>
        </test-case>
        <test-case id="1104" name="OnPreviewClick_Should_Clear_Old_Objects" fullname="InitObsPreviewTests.OnPreviewClick_Should_Clear_Old_Objects" methodname="OnPreviewClick_Should_Clear_Old_Objects" classname="InitObsPreviewTests" runstate="Runnable" seed="1394161441" result="Passed" start-time="2026-04-08 17:58:49Z" end-time="2026-04-08 17:58:49Z" duration="0.014290" asserts="0">
          <properties>
            <property name="_JOINTYPE" value="UnityCombinatorial" />
          </properties>
        </test-case>
        <test-case id="1103" name="OnPreviewClick_Should_Create_Obstacles" fullname="InitObsPreviewTests.OnPreviewClick_Should_Create_Obstacles" methodname="OnPreviewClick_Should_Create_Obstacles" classname="InitObsPreviewTests" runstate="Runnable" seed="344054074" result="Passed" start-time="2026-04-08 17:58:49Z" end-time="2026-04-08 17:58:49Z" duration="0.009178" asserts="0">
          <properties>
            <property name="_JOINTYPE" value="UnityCombinatorial" />
          </properties>
        </test-case>
        <test-case id="1105" name="OnPreviewClick_Should_Set_Position" fullname="InitObsPreviewTests.OnPreviewClick_Should_Set_Position" methodname="OnPreviewClick_Should_Set_Position" classname="InitObsPreviewTests" runstate="Runnable" seed="1872214793" result="Passed" start-time="2026-04-08 17:58:49Z" end-time="2026-04-08 17:58:49Z" duration="0.009097" asserts="0">
          <properties>
            <property name="_JOINTYPE" value="UnityCombinatorial" />
          </properties>
        </test-case>
        <test-case id="1106" name="OnPreviewClick_Should_Set_Scale" fullname="InitObsPreviewTests.OnPreviewClick_Should_Set_Scale" methodname="OnPreviewClick_Should_Set_Scale" classname="InitObsPreviewTests" runstate="Runnable" seed="542659310" result="Passed" start-time="2026-04-08 17:58:49Z" end-time="2026-04-08 17:58:49Z" duration="0.008975" asserts="0">
          <properties>
            <property name="_JOINTYPE" value="UnityCombinatorial" />
          </properties>
        </test-case>
      </test-suite>
      <test-suite type="TestFixture" id="1043" name="InputReaderTests" fullname="InputReaderTests" classname="InputReaderTests" runstate="Runnable" testcasecount="7" result="Passed" start-time="2026-04-08 17:58:49Z" end-time="2026-04-08 17:58:50Z" duration="0.061492" total="7" passed="7" failed="0" inconclusive="0" skipped="0" asserts="0">
        <properties />
        <test-case id="1050" name="GetAnimaStatus_Empty_Should_Return_Empty_List" fullname="InputReaderTests.GetAnimaStatus_Empty_Should_Return_Empty_List" methodname="GetAnimaStatus_Empty_Should_Return_Empty_List" classname="InputReaderTests" runstate="Runnable" seed="1462695550" result="Passed" start-time="2026-04-08 17:58:49Z" end-time="2026-04-08 17:58:49Z" duration="0.009061" asserts="0">
          <properties />
        </test-case>
        <test-case id="1048" name="GetAnimaStatus_Should_Read_Multiple_Files" fullname="InputReaderTests.GetAnimaStatus_Should_Read_Multiple_Files" methodname="GetAnimaStatus_Should_Read_Multiple_Files" classname="InputReaderTests" runstate="Runnable" seed="959793634" result="Passed" start-time="2026-04-08 17:58:49Z" end-time="2026-04-08 17:58:49Z" duration="0.010859" asserts="0">
          <properties>
            <property name="_JOINTYPE" value="UnityCombinatorial" />
          </properties>
        </test-case>
        <test-case id="1049" name="GetFlockStatus_Should_Read_Files" fullname="InputReaderTests.GetFlockStatus_Should_Read_Files" methodname="GetFlockStatus_Should_Read_Files" classname="InputReaderTests" runstate="Runnable" seed="1838907466" result="Passed" start-time="2026-04-08 17:58:49Z" end-time="2026-04-08 17:58:50Z" duration="0.010300" asserts="0">
          <properties>
            <property name="_JOINTYPE" value="UnityCombinatorial" />
          </properties>
        </test-case>
        <test-case id="1047" name="GetMethod_Should_Map_Correctly" fullname="InputReaderTests.GetMethod_Should_Map_Correctly" methodname="GetMethod_Should_Map_Correctly" classname="InputReaderTests" runstate="Runnable" seed="439043210" result="Passed" start-time="2026-04-08 17:58:50Z" end-time="2026-04-08 17:58:50Z" duration="0.007670" asserts="0">
          <properties />
        </test-case>
        <test-case id="1046" name="GetSimulateParam_InvalidPath_Should_Throw" fullname="InputReaderTests.GetSimulateParam_InvalidPath_Should_Throw" methodname="GetSimulateParam_InvalidPath_Should_Throw" classname="InputReaderTests" runstate="Runnable" seed="1769812530" result="Passed" start-time="2026-04-08 17:58:50Z" end-time="2026-04-08 17:58:50Z" duration="0.006911" asserts="0">
          <properties />
        </test-case>
        <test-case id="1045" name="GetUserInput_Invalid_Should_Throw" fullname="InputReaderTests.GetUserInput_Invalid_Should_Throw" methodname="GetUserInput_Invalid_Should_Throw" classname="InputReaderTests" runstate="Runnable" seed="1810240900" result="Passed" start-time="2026-04-08 17:58:50Z" end-time="2026-04-08 17:58:50Z" duration="0.007191" asserts="0">
          <properties />
        </test-case>
        <test-case id="1044" name="GetUserInput_Should_Return_Valid_Object" fullname="InputReaderTests.GetUserInput_Should_Return_Valid_Object" methodname="GetUserInput_Should_Return_Valid_Object" classname="InputReaderTests" runstate="Runnable" seed="954902578" result="Passed" start-time="2026-04-08 17:58:50Z" end-time="2026-04-08 17:58:50Z" duration="0.006837" asserts="0">
          <properties />
        </test-case>
      </test-suite>
      <test-suite type="TestFixture" id="1051" name="InputValidationTests" fullname="InputValidationTests" classname="InputValidationTests" runstate="Runnable" testcasecount="15" result="Passed" start-time="2026-04-08 17:58:50Z" end-time="2026-04-08 17:58:50Z" duration="0.090518" total="15" passed="15" failed="0" inconclusive="0" skipped="0" asserts="0">
        <properties />
        <test-case id="1053" name="KVerify_Empty_Should_Throw_MissingK" fullname="InputValidationTests.KVerify_Empty_Should_Throw_MissingK" methodname="KVerify_Empty_Should_Throw_MissingK" classname="InputValidationTests" runstate="Runnable" seed="1470662658" result="Passed" start-time="2026-04-08 17:58:50Z" end-time="2026-04-08 17:58:50Z" duration="0.005888" asserts="0">
          <properties />
        </test-case>
        <test-case id="1054" name="KVerify_OutOfRange_Should_Throw_ErrorK" fullname="InputValidationTests.KVerify_OutOfRange_Should_Throw_ErrorK" methodname="KVerify_OutOfRange_Should_Throw_ErrorK" classname="InputValidationTests" runstate="Runnable" seed="1559717197" result="Passed" start-time="2026-04-08 17:58:50Z" end-time="2026-04-08 17:58:50Z" duration="0.006011" asserts="0">
          <properties />
        </test-case>
        <test-case id="1052" name="KVerify_Valid_Should_Return_Value" fullname="InputValidationTests.KVerify_Valid_Should_Return_Value" methodname="KVerify_Valid_Should_Return_Value" classname="InputValidationTests" runstate="Runnable" seed="471649755" result="Passed" start-time="2026-04-08 17:58:50Z" end-time="2026-04-08 17:58:50Z" duration="0.005634" asserts="0">
          <properties />
        </test-case>
        <test-case id="1063" name="MethodVerify_Empty_Should_Throw" fullname="InputValidationTests.MethodVerify_Empty_Should_Throw" methodname="MethodVerify_Empty_Should_Throw" classname="InputValidationTests" runstate="Runnable" seed="1926173442" result="Passed" start-time="2026-04-08 17:58:50Z" end-time="2026-04-08 17:58:50Z" duration="0.005720" asserts="0">
          <properties />
        </test-case>
        <test-case id="1064" name="MethodVerify_Invalid_Should_Throw" fullname="InputValidationTests.MethodVerify_Invalid_Should_Throw" methodname="MethodVerify_Invalid_Should_Throw" classname="InputValidationTests" runstate="Runnable" seed="750688124" result="Passed" start-time="2026-04-08 17:58:50Z" end-time="2026-04-08 17:58:50Z" duration="0.005690" asserts="0">
          <properties />
        </test-case>
        <test-case id="1062" name="MethodVerify_Valid" fullname="InputValidationTests.MethodVerify_Valid" methodname="MethodVerify_Valid" classname="InputValidationTests" runstate="Runnable" seed="890953582" result="Passed" start-time="2026-04-08 17:58:50Z" end-time="2026-04-08 17:58:50Z" duration="0.005586" asserts="0">
          <properties />
        </test-case>
        <test-case id="1056" name="NVerify_Invalid_Should_Throw_ErrorN" fullname="InputValidationTests.NVerify_Invalid_Should_Throw_ErrorN" methodname="NVerify_Invalid_Should_Throw_ErrorN" classname="InputValidationTests" runstate="Runnable" seed="55387551" result="Passed" start-time="2026-04-08 17:58:50Z" end-time="2026-04-08 17:58:50Z" duration="0.005777" asserts="0">
          <properties />
        </test-case>
        <test-case id="1055" name="NVerify_Valid" fullname="InputValidationTests.NVerify_Valid" methodname="NVerify_Valid" classname="InputValidationTests" runstate="Runnable" seed="1299363728" result="Passed" start-time="2026-04-08 17:58:50Z" end-time="2026-04-08 17:58:50Z" duration="0.005575" asserts="0">
          <properties />
        </test-case>
        <test-case id="1061" name="ObsVerify_InvalidPosition_Should_Throw" fullname="InputValidationTests.ObsVerify_InvalidPosition_Should_Throw" methodname="ObsVerify_InvalidPosition_Should_Throw" classname="InputValidationTests" runstate="Runnable" seed="203181344" result="Passed" start-time="2026-04-08 17:58:50Z" end-time="2026-04-08 17:58:50Z" duration="0.005850" asserts="0">
          <properties />
        </test-case>
        <test-case id="1060" name="ObsVerify_MissingRadius_Should_Throw" fullname="InputValidationTests.ObsVerify_MissingRadius_Should_Throw" methodname="ObsVerify_MissingRadius_Should_Throw" classname="InputValidationTests" runstate="Runnable" seed="1262828893" result="Passed" start-time="2026-04-08 17:58:50Z" end-time="2026-04-08 17:58:50Z" duration="0.005797" asserts="0">
          <properties />
        </test-case>
        <test-case id="1059" name="ObsVerify_Valid_Input" fullname="InputValidationTests.ObsVerify_Valid_Input" methodname="ObsVerify_Valid_Input" classname="InputValidationTests" runstate="Runnable" seed="641043287" result="Passed" start-time="2026-04-08 17:58:50Z" end-time="2026-04-08 17:58:50Z" duration="0.005715" asserts="0">
          <properties />
        </test-case>
        <test-case id="1066" name="PathVerify_Empty_Should_Throw" fullname="InputValidationTests.PathVerify_Empty_Should_Throw" methodname="PathVerify_Empty_Should_Throw" classname="InputValidationTests" runstate="Runnable" seed="559154936" result="Passed" start-time="2026-04-08 17:58:50Z" end-time="2026-04-08 17:58:50Z" duration="0.005712" asserts="0">
          <properties />
        </test-case>
        <test-case id="1065" name="PathVerify_Valid" fullname="InputValidationTests.PathVerify_Valid" methodname="PathVerify_Valid" classname="InputValidationTests" runstate="Runnable" seed="187429303" result="Passed" start-time="2026-04-08 17:58:50Z" end-time="2026-04-08 17:58:50Z" duration="0.005669" asserts="0">
          <properties />
        </test-case>
        <test-case id="1058" name="TVerify_Invalid_Should_Throw_ErrorT" fullname="InputValidationTests.TVerify_Invalid_Should_Throw_ErrorT" methodname="TVerify_Invalid_Should_Throw_ErrorT" classname="InputValidationTests" runstate="Runnable" seed="859983263" result="Passed" start-time="2026-04-08 17:58:50Z" end-time="2026-04-08 17:58:50Z" duration="0.005802" asserts="0">
          <properties />
        </test-case>
        <test-case id="1057" name="TVerify_Valid" fullname="InputValidationTests.TVerify_Valid" methodname="TVerify_Valid" classname="InputValidationTests" runstate="Runnable" seed="1626492700" result="Passed" start-time="2026-04-08 17:58:50Z" end-time="2026-04-08 17:58:50Z" duration="0.005690" asserts="0">
          <properties />
        </test-case>
      </test-suite>
      <test-suite type="TestFixture" id="1067" name="MainControllerTests" fullname="MainControllerTests" classname="MainControllerTests" runstate="Runnable" testcasecount="8" result="Passed" start-time="2026-04-08 17:58:50Z" end-time="2026-04-08 17:58:50Z" duration="0.126823" total="8" passed="8" failed="0" inconclusive="0" skipped="0" asserts="0">
        <properties />
        <test-case id="1071" name="CalculateClicked_Error" fullname="MainControllerTests.CalculateClicked_Error" methodname="CalculateClicked_Error" classname="MainControllerTests" runstate="Runnable" seed="400382833" result="Passed" start-time="2026-04-08 17:58:50Z" end-time="2026-04-08 17:58:50Z" duration="0.071839" asserts="0">
          <properties />
          <output><![CDATA[System.Exception: simulate error
  at FakeInputReader.GetSimulateParam () [0x0000b] in /github/workspace/src/Assets/UnitTests/MainControllerTests.cs:35 
  at MainController.CalculateClicked () [0x00002] in /github/workspace/src/Assets/Scripts/MainController.cs:86 
]]></output>
        </test-case>
        <test-case id="1070" name="CalculateClicked_Success" fullname="MainControllerTests.CalculateClicked_Success" methodname="CalculateClicked_Success" classname="MainControllerTests" runstate="Runnable" seed="1667135575" result="Passed" start-time="2026-04-08 17:58:50Z" end-time="2026-04-08 17:58:50Z" duration="0.008397" asserts="0">
          <properties />
          <output><![CDATA[Saved data to: /root/.config/unity3d/DefaultCompany/FlockingSimulatorPro/anime_EEULER_4dd3d1c2-d828-40f9-b690-e3d40169a15e.json
Saved data to: /root/.config/unity3d/DefaultCompany/FlockingSimulatorPro/flock_EEULER_a6ec4824-be10-4bbc-853f-392d9fa7ae09.json
]]></output>
        </test-case>
        <test-case id="1075" name="DrawClicked_Error" fullname="MainControllerTests.DrawClicked_Error" methodname="DrawClicked_Error" classname="MainControllerTests" runstate="Runnable" seed="1983911591" result="Passed" start-time="2026-04-08 17:58:50Z" end-time="2026-04-08 17:58:50Z" duration="0.006888" asserts="0">
          <properties />
        </test-case>
        <test-case id="1074" name="DrawClicked_Should_Call_DrawChart" fullname="MainControllerTests.DrawClicked_Should_Call_DrawChart" methodname="DrawClicked_Should_Call_DrawChart" classname="MainControllerTests" runstate="Runnable" seed="1266584686" result="Passed" start-time="2026-04-08 17:58:50Z" end-time="2026-04-08 17:58:50Z" duration="0.006563" asserts="0">
          <properties />
        </test-case>
        <test-case id="1069" name="InitClicked_Error_Should_Set_Red_Text" fullname="MainControllerTests.InitClicked_Error_Should_Set_Red_Text" methodname="InitClicked_Error_Should_Set_Red_Text" classname="MainControllerTests" runstate="Runnable" seed="1305219737" result="Passed" start-time="2026-04-08 17:58:50Z" end-time="2026-04-08 17:58:50Z" duration="0.006822" asserts="0">
          <properties />
        </test-case>
        <test-case id="1068" name="InitClicked_Success_Should_Set_Green_Text" fullname="MainControllerTests.InitClicked_Success_Should_Set_Green_Text" methodname="InitClicked_Success_Should_Set_Green_Text" classname="MainControllerTests" runstate="Runnable" seed="431195162" result="Passed" start-time="2026-04-08 17:58:50Z" end-time="2026-04-08 17:58:50Z" duration="0.008345" asserts="0">
          <properties />
          <output><![CDATA[Saved data to: /root/.config/unity3d/DefaultCompany/FlockingSimulatorPro/init_82abbfde-044e-4580-af40-c818ff2ceafd.json
]]></output>
        </test-case>
        <test-case id="1073" name="PlayAnimaClicked_Error" fullname="MainControllerTests.PlayAnimaClicked_Error" methodname="PlayAnimaClicked_Error" classname="MainControllerTests" runstate="Runnable" seed="1331954098" result="Passed" start-time="2026-04-08 17:58:50Z" end-time="2026-04-08 17:58:50Z" duration="0.006803" asserts="0">
          <properties />
        </test-case>
        <test-case id="1072" name="PlayAnimaClicked_Should_Call_Simulator" fullname="MainControllerTests.PlayAnimaClicked_Should_Call_Simulator" methodname="PlayAnimaClicked_Should_Call_Simulator" classname="MainControllerTests" runstate="Runnable" seed="1456207352" result="Passed" start-time="2026-04-08 17:58:50Z" end-time="2026-04-08 17:58:50Z" duration="0.006559" asserts="0">
          <properties />
        </test-case>
      </test-suite>
      <test-suite type="TestFixture" id="1033" name="ODESolverTests" fullname="ODESolverTests" classname="ODESolverTests" runstate="Runnable" testcasecount="4" result="Passed" start-time="2026-04-08 17:58:50Z" end-time="2026-04-08 17:58:50Z" duration="0.030069" total="4" passed="4" failed="0" inconclusive="0" skipped="0" asserts="0">
        <properties />
        <test-case id="1037" name="EEuler_Should_Not_Throw" fullname="ODESolverTests.EEuler_Should_Not_Throw" methodname="EEuler_Should_Not_Throw" classname="ODESolverTests" runstate="Runnable" seed="2125451003" result="Passed" start-time="2026-04-08 17:58:50Z" end-time="2026-04-08 17:58:50Z" duration="0.006230" asserts="0">
          <properties />
        </test-case>
        <test-case id="1034" name="EEulerMethod_Should_Return_Correct_Size" fullname="ODESolverTests.EEulerMethod_Should_Return_Correct_Size" methodname="EEulerMethod_Should_Return_Correct_Size" classname="ODESolverTests" runstate="Runnable" seed="327393313" result="Passed" start-time="2026-04-08 17:58:50Z" end-time="2026-04-08 17:58:50Z" duration="0.005827" asserts="0">
          <properties />
        </test-case>
        <test-case id="1036" name="RK4Method_Should_Return_Valid_Output" fullname="ODESolverTests.RK4Method_Should_Return_Valid_Output" methodname="RK4Method_Should_Return_Valid_Output" classname="ODESolverTests" runstate="Runnable" seed="852136951" result="Passed" start-time="2026-04-08 17:58:50Z" end-time="2026-04-08 17:58:50Z" duration="0.005779" asserts="0">
          <properties />
        </test-case>
        <test-case id="1035" name="SIEulerMethod_Should_Update_Position_And_Velocity" fullname="ODESolverTests.SIEulerMethod_Should_Update_Position_And_Velocity" methodname="SIEulerMethod_Should_Update_Position_And_Velocity" classname="ODESolverTests" runstate="Runnable" seed="610643608" result="Passed" start-time="2026-04-08 17:58:50Z" end-time="2026-04-08 17:58:50Z" duration="0.005889" asserts="0">
          <properties />
        </test-case>
      </test-suite>
      <test-suite type="TestFixture" id="1108" name="UIControllerTests" fullname="UIControllerTests" classname="UIControllerTests" runstate="Runnable" testcasecount="4" result="Passed" start-time="2026-04-08 17:58:50Z" end-time="2026-04-08 17:58:50Z" duration="0.028713" total="4" passed="4" failed="0" inconclusive="0" skipped="0" asserts="0">
        <properties />
        <test-case id="1110" name="OnButtonClick_Should_Activate_Correct_Object" fullname="UIControllerTests.OnButtonClick_Should_Activate_Correct_Object" methodname="OnButtonClick_Should_Activate_Correct_Object" classname="UIControllerTests" runstate="Runnable" seed="615887114" result="Passed" start-time="2026-04-08 17:58:50Z" end-time="2026-04-08 17:58:50Z" duration="0.008383" asserts="0">
          <properties />
        </test-case>
        <test-case id="1111" name="OnButtonClick_Should_Update_CurrentIndex" fullname="UIControllerTests.OnButtonClick_Should_Update_CurrentIndex" methodname="OnButtonClick_Should_Update_CurrentIndex" classname="UIControllerTests" runstate="Runnable" seed="1300518187" result="Passed" start-time="2026-04-08 17:58:50Z" end-time="2026-04-08 17:58:50Z" duration="0.005906" asserts="0">
          <properties />
        </test-case>
        <test-case id="1109" name="Start_Should_Activate_Index0_Object" fullname="UIControllerTests.Start_Should_Activate_Index0_Object" methodname="Start_Should_Activate_Index0_Object" classname="UIControllerTests" runstate="Runnable" seed="1975107791" result="Passed" start-time="2026-04-08 17:58:50Z" end-time="2026-04-08 17:58:50Z" duration="0.005914" asserts="0">
          <properties />
        </test-case>
        <test-case id="1112" name="UpdateButtonColors_Should_Select_Correct_Button" fullname="UIControllerTests.UpdateButtonColors_Should_Select_Correct_Button" methodname="UpdateButtonColors_Should_Select_Correct_Button" classname="UIControllerTests" runstate="Runnable" seed="2078301815" result="Passed" start-time="2026-04-08 17:58:50Z" end-time="2026-04-08 17:58:50Z" duration="0.006109" asserts="0">
          <properties />
        </test-case>
      </test-suite>
    </test-suite>
  </test-suite>
</test-run>